# JRE version: Java(TM) SE Runtime Environment (16.0+36) (build 16+36-2231)
# Java VM: Java HotSpot(TM) 64-Bit Server VM (16+36-2231, mixed mode, sharing, tiered, compressed oops, g1 gc, windows-amd64)
GC Precious Log:
 CPUs: 8 total, 8 available
 Memory: 6082M
 Large Page Support: Disabled
 NUMA Support: Disabled
 Compressed Oops: Enabled (32-bit)
 Heap Region Size: 1M
 Heap Min Capacity: 8M
 Heap Initial Capacity: 8M
 Heap Max Capacity: 1522M
 Pre-touch: Disabled
 Parallel Workers: 8
 Concurrent Workers: 2
 Concurrent Refinement Workers: 8
 Periodic GC: Disabled
Heap:
 garbage-first heap   total 16384K, used 7900K [0x00000000a0e00000, 0x0000000100000000)
  region size 1024K, 1 young (1024K), 1 survivors (1024K)
 Metaspace       used 9296K, committed 9472K, reserved 1064960K
  class space    used 1034K, committed 1088K, reserved 1048576K
GC Heap History (20 events):
Event: 0.293 GC heap after
{Heap after GC invocations=3 (full 0):
 garbage-first heap   total 8192K, used 1955K [0x00000000a0e00000, 0x0000000100000000)
  region size 1024K, 1 young (1024K), 1 survivors (1024K)
 Metaspace       used 5946K, committed 6080K, reserved 1064960K
  class space    used 684K, committed 768K, reserved 1048576K
}
Event: 0.336 GC heap before
{Heap before GC invocations=3 (full 0):
 garbage-first heap   total 8192K, used 2979K [0x00000000a0e00000, 0x0000000100000000)
  region size 1024K, 2 young (2048K), 1 survivors (1024K)
 Metaspace       used 6980K, committed 7168K, reserved 1064960K
  class space    used 820K, committed 896K, reserved 1048576K
}
Event: 0.338 GC heap after
{Heap after GC invocations=4 (full 0):
 garbage-first heap   total 8192K, used 2327K [0x00000000a0e00000, 0x0000000100000000)
  region size 1024K, 1 young (1024K), 1 survivors (1024K)
 Metaspace       used 6980K, committed 7168K, reserved 1064960K
  class space    used 820K, committed 896K, reserved 1048576K
}
Event: 0.395 GC heap before
{Heap before GC invocations=4 (full 0):
 garbage-first heap   total 8192K, used 3351K [0x00000000a0e00000, 0x0000000100000000)
  region size 1024K, 2 young (2048K), 1 survivors (1024K)
 Metaspace       used 7718K, committed 7872K, reserved 1064960K
  class space    used 865K, committed 960K, reserved 1048576K
}
Event: 0.396 GC heap after
{Heap after GC invocations=5 (full 0):
 garbage-first heap   total 10240K, used 2587K [0x00000000a0e00000, 0x0000000100000000)
  region size 1024K, 1 young (1024K), 1 survivors (1024K)
 Metaspace       used 7718K, committed 7872K, reserved 1064960K
  class space    used 865K, committed 960K, reserved 1048576K
}
Event: 0.442 GC heap before
{Heap before GC invocations=5 (full 0):
 garbage-first heap   total 10240K, used 4635K [0x00000000a0e00000, 0x0000000100000000)
  region size 1024K, 3 young (3072K), 1 survivors (1024K)
 Metaspace       used 8088K, committed 8256K, reserved 1064960K
  class space    used 906K, committed 1024K, reserved 1048576K
}
Event: 0.444 GC heap after
{Heap after GC invocations=6 (full 0):
 garbage-first heap   total 10240K, used 3269K [0x00000000a0e00000, 0x0000000100000000)
  region size 1024K, 1 young (1024K), 1 survivors (1024K)
 Metaspace       used 8088K, committed 8256K, reserved 1064960K
  class space    used 906K, committed 1024K, reserved 1048576K
}
Event: 0.507 GC heap before
{Heap before GC invocations=6 (full 0):
 garbage-first heap   total 10240K, used 5317K [0x00000000a0e00000, 0x0000000100000000)
  region size 1024K, 3 young (3072K), 1 survivors (1024K)
 Metaspace       used 8752K, committed 8960K, reserved 1064960K
  class space    used 992K, committed 1088K, reserved 1048576K
}
Event: 0.509 GC heap after
{Heap after GC invocations=7 (full 0):
 garbage-first heap   total 10240K, used 4096K [0x00000000a0e00000, 0x0000000100000000)
  region size 1024K, 1 young (1024K), 1 survivors (1024K)
 Metaspace       used 8752K, committed 8960K, reserved 1064960K
  class space    used 992K, committed 1088K, reserved 1048576K
}
Event: 0.519 GC heap before
{Heap before GC invocations=7 (full 0):
 garbage-first heap   total 10240K, used 5120K [0x00000000a0e00000, 0x0000000100000000)
  region size 1024K, 2 young (2048K), 1 survivors (1024K)
 Metaspace       used 8786K, committed 8960K, reserved 1064960K
  class space    used 995K, committed 1088K, reserved 1048576K
}
Event: 0.521 GC heap after
{Heap after GC invocations=8 (full 0):
 garbage-first heap   total 10240K, used 4351K [0x00000000a0e00000, 0x0000000100000000)
  region size 1024K, 1 young (1024K), 1 survivors (1024K)
 Metaspace       used 8786K, committed 8960K, reserved 1064960K
  class space    used 995K, committed 1088K, reserved 1048576K
}
Event: 0.523 GC heap before
{Heap before GC invocations=8 (full 0):
 garbage-first heap   total 10240K, used 5375K [0x00000000a0e00000, 0x0000000100000000)
  region size 1024K, 2 young (2048K), 1 survivors (1024K)
 Metaspace       used 8790K, committed 8960K, reserved 1064960K
  class space    used 995K, committed 1088K, reserved 1048576K
}
Event: 0.523 GC heap after
{Heap after GC invocations=9 (full 0):
 garbage-first heap   total 16384K, used 4379K [0x00000000a0e00000, 0x0000000100000000)
  region size 1024K, 1 young (1024K), 1 survivors (1024K)
 Metaspace       used 8790K, committed 8960K, reserved 1064960K
  class space    used 995K, committed 1088K, reserved 1048576K
}
Event: 0.581 GC heap before
{Heap before GC invocations=9 (full 0):
 garbage-first heap   total 16384K, used 8475K [0x00000000a0e00000, 0x0000000100000000)
  region size 1024K, 5 young (5120K), 1 survivors (1024K)
 Metaspace       used 9152K, committed 9280K, reserved 1064960K
  class space    used 1030K, committed 1088K, reserved 1048576K
}
Event: 0.583 GC heap after
{Heap after GC invocations=10 (full 0):
 garbage-first heap   total 16384K, used 5106K [0x00000000a0e00000, 0x0000000100000000)
  region size 1024K, 1 young (1024K), 1 survivors (1024K)
 Metaspace       used 9152K, committed 9280K, reserved 1064960K
  class space    used 1030K, committed 1088K, reserved 1048576K
}
Event: 0.598 GC heap before
{Heap before GC invocations=10 (full 0):
 garbage-first heap   total 16384K, used 10226K [0x00000000a0e00000, 0x0000000100000000)
  region size 1024K, 6 young (6144K), 1 survivors (1024K)
 Metaspace       used 9167K, committed 9280K, reserved 1064960K
  class space    used 1030K, committed 1088K, reserved 1048576K
}
Event: 0.601 GC heap after
{Heap after GC invocations=11 (full 0):
 garbage-first heap   total 16384K, used 5875K [0x00000000a0e00000, 0x0000000100000000)
  region size 1024K, 1 young (1024K), 1 survivors (1024K)
 Metaspace       used 9167K, committed 9280K, reserved 1064960K
  class space    used 1030K, committed 1088K, reserved 1048576K
}
Event: 0.624 GC heap before
{Heap before GC invocations=11 (full 0):
 garbage-first heap   total 16384K, used 8947K [0x00000000a0e00000, 0x0000000100000000)
  region size 1024K, 5 young (5120K), 1 survivors (1024K)
 Metaspace       used 9212K, committed 9344K, reserved 1064960K
  class space    used 1032K, committed 1088K, reserved 1048576K
}
Event: 0.627 GC heap after
{Heap after GC invocations=12 (full 0):
 garbage-first heap   total 16384K, used 6920K [0x00000000a0e00000, 0x0000000100000000)
  region size 1024K, 1 young (1024K), 1 survivors (1024K)
 Metaspace       used 9212K, committed 9344K, reserved 1064960K
  class space    used 1032K, committed 1088K, reserved 1048576K
}
Event: 0.665 GC heap before
{Heap before GC invocations=12 (full 0):
 garbage-first heap   total 16384K, used 9992K [0x00000000a0e00000, 0x0000000100000000)
  region size 1024K, 4 young (4096K), 1 survivors (1024K)
 Metaspace       used 9296K, committed 9472K, reserved 1064960K
  class space    used 1034K, committed 1088K, reserved 1048576K
}

